2021-01-12 15:52:23.490 [30056] Sauce Connect 4.6.2, build 5183 ad61662 
2021-01-12 15:52:23.491 [30056] Trying to autodetect proxy settings
2021-01-12 15:52:23.496 [30056] Starting up; pid 30056
2021-01-12 15:52:23.496 [30056] Command line arguments: C:\Brightspace\discover-components\node_modules\saucelabs\build\.sc-v4.6.2\bin\sc.exe --tunnel-identifier=karma-sauce-1610484738 --user=undefined --api-key=undefined --rest-url=https://saucelabs.com/rest/v1 
2021-01-12 15:52:23.496 [30056] Log file: C:\Brightspace\discover-components\sc-karma-sauce-1610484738.log
2021-01-12 15:52:23.497 [30056] Pid file: C:\Users\bhamelin\AppData\Roaming/sc_client-karma-sauce-1610484738.pid
2021-01-12 15:52:23.497 [30056] Timezone: EST GMT offset: -5h
2021-01-12 15:52:23.497 [30056] Using no proxy for connecting to Sauce Labs REST API.
2021-01-12 15:52:23.879 [30056] ***********************************************************
2021-01-12 15:52:23.879 [30056] A newer version of Sauce Connect (build 5283) is available!
2021-01-12 15:52:23.879 [30056] Download it here:
2021-01-12 15:52:23.879 [30056] https://saucelabs.com/downloads/sc-4.6.3-win32.zip
2021-01-12 15:52:23.879 [30056] ***********************************************************
2021-01-12 15:52:23.879 [30056] PROXY *** scproxy started ***
2021-01-12 15:52:23.900 [30056] PROXY found DNS server 192.168.10.50
2021-01-12 15:52:23.901 [30056] PROXY found DNS server 192.168.10.52
2021-01-12 15:52:23.903 [30056] PROXY found DNS server 206.248.154.22
2021-01-12 15:52:23.904 [30056] PROXY found DNS server 206.248.154.170
2021-01-12 15:52:23.930 [30056] Started scproxy on port 61610.
2021-01-12 15:52:23.930 [30056] Please wait for 'you may start your tests' to start your tests.
2021-01-12 15:52:24.413 [30056] failed to check for existing tunnels
2021-01-12 15:52:24.414 [30056] Sauce Connect could not establish a connection.
2021-01-12 15:52:24.414 [30056] Please check your firewall and proxy settings.
2021-01-12 15:52:24.414 [30056] Goodbye.
